INFO:transformers.tokenization_utils:Model name 'ComBERT/' not found in model shortcut name list (bert-base-uncased, bert-large-uncased, bert-base-cased, bert-large-cased, bert-base-multilingual-uncased, bert-base-multilingual-cased, bert-base-chinese, bert-base-german-cased, bert-large-uncased-whole-word-masking, bert-large-cased-whole-word-masking, bert-large-uncased-whole-word-masking-finetuned-squad, bert-large-cased-whole-word-masking-finetuned-squad, bert-base-cased-finetuned-mrpc, bert-base-german-dbmdz-cased, bert-base-german-dbmdz-uncased, TurkuNLP/bert-base-finnish-cased-v1, TurkuNLP/bert-base-finnish-uncased-v1, wietsedv/bert-base-dutch-cased). Assuming 'ComBERT/' is a path, a model identifier, or url to a directory containing tokenizer files.
INFO:transformers.tokenization_utils:loading file ComBERT/vocab.txt
INFO:transformers.tokenization_utils:loading file ComBERT/added_tokens.json
INFO:transformers.tokenization_utils:loading file ComBERT/special_tokens_map.json
INFO:transformers.tokenization_utils:loading file ComBERT/tokenizer_config.json
INFO:__main__:Training/evaluation parameters Namespace(DIST=1, GCN_hidden_dim=200, GCN_num_layers=2, batch_size=2, bidirectional=True, deptags_embedding_dim=50, dropout=0.25, entity_embedding_dim=50, eval_data_file='dataset/event_extraction_test.json', learning_rate=2e-05, n_epochs=1, n_layers=2, postag_embedding_dim=50, train_data_file='dataset/event_extraction_test.json', transformer_type='combert', trigger_embedding_dim=50)
INFO:transformers.configuration_utils:loading configuration file ComBERT/config.json
INFO:transformers.configuration_utils:Model config BertConfig {
  "architectures": [
    "BertForMaskedLM"
  ],
  "attention_probs_dropout_prob": 0.1,
  "bos_token_id": 0,
  "eos_token_ids": 0,
  "hidden_act": "gelu",
  "hidden_dropout_prob": 0.1,
  "hidden_size": 768,
  "initializer_range": 0.02,
  "intermediate_size": 3072,
  "layer_norm_eps": 1e-12,
  "max_position_embeddings": 512,
  "model_type": "bert",
  "num_attention_heads": 12,
  "num_hidden_layers": 12,
  "output_past": true,
  "pad_token_id": 0,
  "type_vocab_size": 2,
  "vocab_size": 28996
}

INFO:transformers.modeling_utils:loading weights file ComBERT/pytorch_model.bin
INFO:__main__:***** Running training *****
